<?xml version="1.0"?>
<testsuites>
  <testsuite name="Chrome 37.0.2062 (Mac OS X 10.9.4)" package="" timestamp="2014-09-26T04:48:54" id="0" hostname="Owners-MacBook-Pro.local">
    <properties>
      <property name="browser.fullName" value="Mozilla/5.0 (Macintosh; Intel Mac OS X 10_9_4) AppleWebKit/537.36 (KHTML, like Gecko) Chrome/37.0.2062.124 Safari/537.36"/>
    </properties>
  </testsuite>
  <testsuite name="Chrome 37.0.2062 (Mac OS X 10.9.4)" package="" timestamp="2014-09-26T04:48:54" id="0" hostname="Owners-MacBook-Pro.local" tests="11" errors="1" failures="6" time="0.069">
    <properties>
      <property name="browser.fullName" value="Mozilla/5.0 (Macintosh; Intel Mac OS X 10_9_4) AppleWebKit/537.36 (KHTML, like Gecko) Chrome/37.0.2062.124 Safari/537.36"/>
    </properties>
    <testcase name="expects &lt;Items.model&gt; to be set" time="0.012" classname="Chrome 37.0.2062 (Mac OS X 10.9.4).flickr/collections/Items test suite"/>
    <testcase name="expects Items.url() to be defined" time="0.005" classname="Chrome 37.0.2062 (Mac OS X 10.9.4).flickr/collections/Items test suite"/>
    <testcase name="expects &lt;url()&gt; method to return &lt;rootApiService&gt; by default" time="0.004" classname="Chrome 37.0.2062 (Mac OS X 10.9.4).flickr/collections/Items test suite"/>
    <testcase name="expects &lt;url()&gt; method to correctly set filtering query parameters when provided" time="0.005" classname="Chrome 37.0.2062 (Mac OS X 10.9.4).flickr/collections/Items test suite"/>
    <testcase name="expects &lt;fetch()&gt; to ping Flicker API service with correct ajax call arguments" time="0.007" classname="Chrome 37.0.2062 (Mac OS X 10.9.4).flickr/collections/Items test suite"/>
    <testcase name="expects &lt;parse()&gt; to return appriprately parsed resonse" time="0.006" classname="Chrome 37.0.2062 (Mac OS X 10.9.4).flickr/collections/Items test suite">
      <failure type="">TypeError: Cannot read property &apos;items&apos; of undefined
    at Backbone.Collection.extend.parse (/Users/owner/Work/my_flickr_app/public/js/flickr/collections/Items.js:69:19)
    at null.&lt;anonymous&gt; (/Users/owner/Work/my_flickr_app/public/js/test/spec/flickr/collections/ItemsSpec.js:66:56)
</failure>
    </testcase>
    <testcase name="expects default options to be set" time="0.007" classname="Chrome 37.0.2062 (Mac OS X 10.9.4).flickr/views/Items test suite No options test suite">
      <failure type="">TypeError: Cannot read property &apos;items&apos; of undefined
    at null.&lt;anonymous&gt; (/Users/owner/Work/my_flickr_app/public/js/test/spec/flickr/views/ItemsSpec.js:25:79)
</failure>
    </testcase>
    <testcase name="expects &lt;render()&gt; to return empty string" time="0.005" classname="Chrome 37.0.2062 (Mac OS X 10.9.4).flickr/views/Items test suite No options test suite">
      <failure type="">TypeError: Cannot read property &apos;items&apos; of undefined
    at null.&lt;anonymous&gt; (/Users/owner/Work/my_flickr_app/public/js/test/spec/flickr/views/ItemsSpec.js:25:79)
</failure>
    </testcase>
    <testcase name="expects correct collection to be set" time="0.007" classname="Chrome 37.0.2062 (Mac OS X 10.9.4).flickr/views/Items test suite Options provided test suite">
      <failure type="">TypeError: Cannot read property &apos;items&apos; of undefined
    at null.&lt;anonymous&gt; (/Users/owner/Work/my_flickr_app/public/js/test/spec/flickr/views/ItemsSpec.js:25:79)
</failure>
      <failure type="">TypeError: Cannot read property &apos;length&apos; of undefined
    at null.&lt;anonymous&gt; (/Users/owner/Work/my_flickr_app/public/js/test/spec/flickr/views/ItemsSpec.js:60:59)
</failure>
    </testcase>
    <testcase name="expects &lt;views.items&gt; to have 0 items initially" time="0.006" classname="Chrome 37.0.2062 (Mac OS X 10.9.4).flickr/views/Items test suite Options provided test suite">
      <failure type="">TypeError: Cannot read property &apos;items&apos; of undefined
    at null.&lt;anonymous&gt; (/Users/owner/Work/my_flickr_app/public/js/test/spec/flickr/views/ItemsSpec.js:25:79)
</failure>
    </testcase>
    <testcase name="expects &lt;render()&gt; method to set correct number of &lt;views.items&gt; views" time="0.005" classname="Chrome 37.0.2062 (Mac OS X 10.9.4).flickr/views/Items test suite Options provided test suite">
      <failure type="">TypeError: Cannot read property &apos;items&apos; of undefined
    at null.&lt;anonymous&gt; (/Users/owner/Work/my_flickr_app/public/js/test/spec/flickr/views/ItemsSpec.js:25:79)
</failure>
      <failure type="">TypeError: Cannot read property &apos;each&apos; of undefined
    at Backbone.View.extend.render (/Users/owner/Work/my_flickr_app/public/js/flickr/views/Items.js:31:28)
    at null.&lt;anonymous&gt; (/Users/owner/Work/my_flickr_app/public/js/test/spec/flickr/views/ItemsSpec.js:68:34)
</failure>
    </testcase>
    <system-out><![CDATA[Chrome 37.0.2062 (Mac OS X 10.9.4) ERROR: 'There is no timestamp for base/public/js/flickr/collections/Items.js!'
,Chrome 37.0.2062 (Mac OS X 10.9.4) ERROR: 'There is no timestamp for base/public/js/flickr/models/Item.js!'
,Chrome 37.0.2062 (Mac OS X 10.9.4) ERROR: 'There is no timestamp for base/public/js/flickr/config.js!'
,Chrome 37.0.2062 (Mac OS X 10.9.4) ERROR: 'There is no timestamp for base/public/js/flickr/views/Items.js!'
,Chrome 37.0.2062 (Mac OS X 10.9.4) ERROR: 'There is no timestamp for base/public/js/flickr/views/Item.js!'
,Chrome 37.0.2062 (Mac OS X 10.9.4) ERROR: 'There is no timestamp for base/public/js/libs/jquery/jquery.min.js!'
,Chrome 37.0.2062 (Mac OS X 10.9.4) ERROR: 'There is no timestamp for base/public/js/flickr/views/BaseView.js!'
,Chrome 37.0.2062 (Mac OS X 10.9.4) ERROR: 'There is no timestamp for base/public/js/libs/requirejs-text/text.js!'
,Chrome 37.0.2062 (Mac OS X 10.9.4) ERROR: 'There is no timestamp for base/public/js/libs/jasmine-jquery/lib/jasmine-jquery.js!'
,Chrome 37.0.2062 (Mac OS X 10.9.4) ERROR: 'There is no timestamp for base/public/js/libs/moment/min/moment.min.js!'
,Chrome 37.0.2062 (Mac OS X 10.9.4) ERROR: 'There is no timestamp for base/public/js/libs/underscore/underscore.js!'
,Chrome 37.0.2062 (Mac OS X 10.9.4) ERROR: 'There is no timestamp for base/public/js/libs/handlebars/handlebars.js!'
,Chrome 37.0.2062 (Mac OS X 10.9.4) ERROR: 'There is no timestamp for base/public/js/libs/backbone/backbone-min.js!'
,Chrome 37.0.2062 (Mac OS X 10.9.4) ERROR
  Uncaught Error: JSONFixture could not be loaded: base/public/js/test/fixtures/flickerResponse.json (status: parsererror, message: Unexpected token ')
  at /Users/owner/Work/my_flickr_app/public/js/libs/jasmine-jquery/lib/jasmine-jquery.js:239
,Chrome 37.0.2062 (Mac OS X 10.9.4) ERROR
  Uncaught Error: JSONFixture could not be loaded: base/public/js/test/fixtures/flickerResponse.json (status: parsererror, message: Unexpected token ')
  at /Users/owner/Work/my_flickr_app/public/js/libs/jasmine-jquery/lib/jasmine-jquery.js:239
,Chrome 37.0.2062 (Mac OS X 10.9.4) ERROR
  Uncaught Error: JSONFixture could not be loaded: base/public/js/test/fixtures/flickerResponse.json (status: parsererror, message: Unexpected token ')
  at /Users/owner/Work/my_flickr_app/public/js/libs/jasmine-jquery/lib/jasmine-jquery.js:239
,Chrome 37.0.2062 (Mac OS X 10.9.4) ERROR
  Uncaught Error: JSONFixture could not be loaded: base/public/js/test/fixtures/flickerResponse.json (status: parsererror, message: Unexpected token ')
  at /Users/owner/Work/my_flickr_app/public/js/libs/jasmine-jquery/lib/jasmine-jquery.js:239
,Chrome 37.0.2062 (Mac OS X 10.9.4) ERROR
  Uncaught Error: JSONFixture could not be loaded: base/public/js/test/fixtures/flickerResponse.json (status: parsererror, message: Unexpected token ')
  at /Users/owner/Work/my_flickr_app/public/js/libs/jasmine-jquery/lib/jasmine-jquery.js:239
,Chrome 37.0.2062 (Mac OS X 10.9.4) ERROR
  Uncaught Error: JSONFixture could not be loaded: base/public/js/test/fixtures/flickerResponse.json (status: parsererror, message: Unexpected token ')
  at /Users/owner/Work/my_flickr_app/public/js/libs/jasmine-jquery/lib/jasmine-jquery.js:239
,Chrome 37.0.2062 (Mac OS X 10.9.4) ERROR
  Uncaught Error: JSONFixture could not be loaded: base/public/js/test/fixtures/flickerResponse.json (status: parsererror, message: Unexpected token ')
  at /Users/owner/Work/my_flickr_app/public/js/libs/jasmine-jquery/lib/jasmine-jquery.js:239
,Chrome 37.0.2062 (Mac OS X 10.9.4) ERROR
  Uncaught Error: JSONFixture could not be loaded: base/public/js/test/fixtures/flickerResponse.json (status: parsererror, message: Unexpected token ')
  at /Users/owner/Work/my_flickr_app/public/js/libs/jasmine-jquery/lib/jasmine-jquery.js:239
,Chrome 37.0.2062 (Mac OS X 10.9.4) ERROR
  Uncaught Error: JSONFixture could not be loaded: base/public/js/test/fixtures/flickerResponse.json (status: parsererror, message: Unexpected token ')
  at /Users/owner/Work/my_flickr_app/public/js/libs/jasmine-jquery/lib/jasmine-jquery.js:239
,Chrome 37.0.2062 (Mac OS X 10.9.4) ERROR
  Uncaught Error: JSONFixture could not be loaded: base/public/js/test/fixtures/flickerResponse.json (status: parsererror, message: Unexpected token ')
  at /Users/owner/Work/my_flickr_app/public/js/libs/jasmine-jquery/lib/jasmine-jquery.js:239
,Chrome 37.0.2062 (Mac OS X 10.9.4) ERROR
  Uncaught Error: JSONFixture could not be loaded: base/public/js/test/fixtures/flickerResponse.json (status: parsererror, message: Unexpected token ')
  at /Users/owner/Work/my_flickr_app/public/js/libs/jasmine-jquery/lib/jasmine-jquery.js:239

]]></system-out>
    <system-err/>
  </testsuite>
</testsuites>
